mode: atomic
github.com/clarkezone/previewd/internal/env.go:22.13,26.2 3 1
github.com/clarkezone/previewd/internal/env.go:29.26,31.15 2 0
github.com/clarkezone/previewd/internal/env.go:34.2,34.12 1 0
github.com/clarkezone/previewd/internal/env.go:31.15,33.3 1 0
github.com/clarkezone/previewd/cmd/root.go:36.67,41.3 4 0
github.com/clarkezone/previewd/cmd/root.go:42.62,44.3 1 0
github.com/clarkezone/previewd/cmd/root.go:49.16,51.16 2 0
github.com/clarkezone/previewd/cmd/root.go:51.16,53.3 1 0
github.com/clarkezone/previewd/cmd/root.go:56.13,73.16 8 1
github.com/clarkezone/previewd/cmd/root.go:77.2,78.16 2 1
github.com/clarkezone/previewd/cmd/root.go:73.16,74.13 1 0
github.com/clarkezone/previewd/cmd/root.go:78.16,79.13 1 0
github.com/clarkezone/previewd/cmd/root.go:84.19,85.19 1 0
github.com/clarkezone/previewd/cmd/root.go:99.2,102.45 2 0
github.com/clarkezone/previewd/cmd/root.go:85.19,88.3 1 0
github.com/clarkezone/previewd/cmd/root.go:88.8,97.3 5 0
github.com/clarkezone/previewd/cmd/root.go:102.45,104.3 1 0
github.com/clarkezone/previewd/cmd/runwebhookserver.go:24.47,26.3 1 0
github.com/clarkezone/previewd/cmd/runwebhookserver.go:29.13,41.2 1 1
github.com/clarkezone/previewd/cmd/testserver.go:32.54,39.3 4 0
github.com/clarkezone/previewd/cmd/testserver.go:42.69,43.54 1 1
github.com/clarkezone/previewd/cmd/testserver.go:43.54,46.17 3 1
github.com/clarkezone/previewd/cmd/testserver.go:46.17,47.14 1 0
github.com/clarkezone/previewd/cmd/testserver.go:52.13,64.2 1 1
github.com/clarkezone/previewd/cmd/version.go:14.54,17.3 2 0
github.com/clarkezone/previewd/cmd/version.go:20.13,32.2 1 1
github.com/clarkezone/previewd/pkg/basicserver/basicserver.go:29.39,32.2 2 0
github.com/clarkezone/previewd/pkg/basicserver/basicserver.go:35.51,41.71 4 1
github.com/clarkezone/previewd/pkg/basicserver/basicserver.go:45.2,47.12 2 1
github.com/clarkezone/previewd/pkg/basicserver/basicserver.go:41.72,43.3 0 0
github.com/clarkezone/previewd/pkg/basicserver/basicserver.go:47.12,49.43 2 1
github.com/clarkezone/previewd/pkg/basicserver/basicserver.go:52.3,52.16 1 1
github.com/clarkezone/previewd/pkg/basicserver/basicserver.go:49.43,50.14 1 0
github.com/clarkezone/previewd/pkg/basicserver/basicserver.go:52.16,55.4 2 1
github.com/clarkezone/previewd/pkg/basicserver/basicserver.go:60.48,61.24 1 0
github.com/clarkezone/previewd/pkg/basicserver/basicserver.go:64.2,65.19 2 0
github.com/clarkezone/previewd/pkg/basicserver/basicserver.go:66.2,69.22 4 0
github.com/clarkezone/previewd/pkg/basicserver/basicserver.go:61.24,63.3 1 0
github.com/clarkezone/previewd/pkg/basicserver/basicserver.go:65.19,65.32 1 0
github.com/clarkezone/previewd/pkg/basicserver/basicserver.go:72.55,76.12 4 0
github.com/clarkezone/previewd/pkg/basicserver/basicserver.go:85.2,85.20 1 0
github.com/clarkezone/previewd/pkg/basicserver/basicserver.go:76.12,79.25 3 0
github.com/clarkezone/previewd/pkg/basicserver/basicserver.go:83.3,83.21 1 0
github.com/clarkezone/previewd/pkg/basicserver/basicserver.go:79.25,81.4 1 0
github.com/clarkezone/previewd/pkg/basicserver/basicserver.go:89.41,90.24 1 1
github.com/clarkezone/previewd/pkg/basicserver/basicserver.go:93.2,97.17 5 1
github.com/clarkezone/previewd/pkg/basicserver/basicserver.go:90.24,92.3 1 0
